Nonterminals useless in grammar

   types
   function
   functionVarA
   functionVarB
   procedure
   contents
   content
   blocks
   block
   conditional
   loop


Terminals unused in grammar

   BEG
   CHAR
   DECREASING
   DEFAULT
   DO
   ELSE
   END
   FOR
   FUNCTION
   IF
   LOOP
   PROCEDURE
   THEN


Rules useless in grammar

   61 declaration: function
   62            | procedure

   63 types: type
   64      | array

   65 function: FUNCTION ID '(' ')' ':' types contents END ID
   66         | FUNCTION ID '(' functionVarA ')' ':' types contents END ID
   67         | FUNCTION ID '(' functionVarA functionVarB ')' ':' types contents END ID

   68 functionVarA: ID ':' type
   69             | array

   70 functionVarB: functionVarB functionVarB
   71             | ',' ID ':' type

   72 procedure: PROCEDURE ID '(' ')' contents END ID
   73          | PROCEDURE ID '(' functionVarA ')' contents END ID
   74          | PROCEDURE ID '(' functionVarA functionVarB ')' contents END ID

   75 contents: contents content

   76 content: variable
   77        | constant
   78        | array
   79        | statments

   80 statment: blocks
   81         | conditional
   82         | loop

   83 blocks: blocks block

   84 block: BEG content END

   85 conditional: IF bool_expression THEN contents ELSE content END IF
   86            | IF bool_expression THEN contents END IF

   87 loop: LOOP contents END LOOP
   88     | FOR ID const_exp '.' '.' const_exp contents END LOOP
   89     | FOR DECREASING ID const_exp '.' '.' const_exp contents END LOOP


Rules useless in parser due to conflicts

   56 procedure_invacation: ID '(' ')'
   57                     | ID '(' functionInputA functionInputB ')'


State 29 conflicts: 1 shift/reduce
State 43 conflicts: 1 shift/reduce
State 44 conflicts: 1 shift/reduce
State 45 conflicts: 1 shift/reduce
State 47 conflicts: 13 shift/reduce
State 70 conflicts: 1 shift/reduce
State 71 conflicts: 15 reduce/reduce
State 76 conflicts: 1 reduce/reduce
State 78 conflicts: 13 shift/reduce
State 79 conflicts: 13 shift/reduce
State 80 conflicts: 13 shift/reduce
State 81 conflicts: 13 shift/reduce
State 83 conflicts: 13 shift/reduce
State 84 conflicts: 13 shift/reduce
State 85 conflicts: 13 shift/reduce
State 86 conflicts: 13 shift/reduce
State 87 conflicts: 13 shift/reduce
State 88 conflicts: 13 shift/reduce
State 89 conflicts: 13 shift/reduce
State 90 conflicts: 13 shift/reduce
State 103 conflicts: 15 reduce/reduce
State 104 conflicts: 1 shift/reduce
State 105 conflicts: 13 shift/reduce, 13 reduce/reduce
State 108 conflicts: 13 shift/reduce


Grammar

    0 $accept: program $end

    1 program: declarations statments

    2 declarations: declarations declaration
    3             | %empty

    4 statments: statments statment
    5          | %empty

    6 declaration: constant
    7            | variable
    8            | array

    9 constant: CONST ID ':' type ASSIGN const_exp
   10         | CONST ID ASSIGN const_exp

   11 variable: VAR ID ':' type
   12         | VAR ID ASSIGN const_exp
   13         | VAR ID ':' type ASSIGN const_exp

   14 array: VAR ID ':' ARRAY ':' const_exp '.' '.' const_exp OF type

   15 type: BOOL
   16     | INT
   17     | REAL
   18     | STRING

   19 statment: simple
   20         | expressions
   21         | function_invocation
   22         | procedure_invacation

   23 simple: ID ASSIGN expressions
   24       | PUT expressions
   25       | GET expressions
   26       | RESULT expressions
   27       | RETURN
   28       | EXIT
   29       | EXIT WHEN bool_expression
   30       | SKIP

   31 expressions: '-' expressions
   32            | '(' expressions ')'
   33            | expressions '*' expressions
   34            | expressions '/' expressions
   35            | expressions MOD expressions
   36            | expressions '+' expressions
   37            | expressions '-' expressions
   38            | bool_expression
   39            | const_exp
   40            | ID '[' INT ']'

   41 const_exp: INT_NUMBER
   42          | REAL_NUMBER
   43          | STR
   44          | TRUE
   45          | FALSE

   46 bool_expression: expressions '<' expressions
   47                | expressions LESS_EQUAL expressions
   48                | expressions '=' expressions
   49                | expressions MORE_EQUAL expressions
   50                | expressions '>' expressions
   51                | expressions NOT_EQUAL expressions
   52                | expressions NOT expressions
   53                | expressions AND expressions expressions OR expressions

   54 function_invocation: ID '(' ')'
   55                    | ID '(' functionInputA functionInputB ')'

   56 procedure_invacation: ID '(' ')'
   57                     | ID '(' functionInputA functionInputB ')'

   58 functionInputA: expressions

   59 functionInputB: functionInputB functionInputB
   60               | ',' expressions


Terminals, with rules where they appear

$end (0) 0
'(' (40) 32 54 55 56 57
')' (41) 32 54 55 56 57
'*' (42) 33
'+' (43) 36
',' (44) 60
'-' (45) 31 37
'.' (46) 14
'/' (47) 34
':' (58) 9 11 13 14
'<' (60) 46
'=' (61) 48
'>' (62) 50
'[' (91) 40
']' (93) 40
error (256)
ID (258) 9 10 11 12 13 14 23 40 54 55 56 57
ARRAY (259) 14
BEG (260)
BOOL (261) 15
CHAR (262)
CONST (263) 9 10
DECREASING (264)
DEFAULT (265)
DO (266)
ELSE (267)
END (268)
EXIT (269) 28 29
FALSE (270) 45
FOR (271)
FUNCTION (272)
GET (273) 25
IF (274)
INT (275) 16 40
LOOP (276)
OF (277) 14
PUT (278) 24
PROCEDURE (279)
REAL (280) 17
RESULT (281) 26
RETURN (282) 27
SKIP (283) 30
STRING (284) 18
THEN (285)
TRUE (286) 44
VAR (287) 11 12 13 14
WHEN (288) 29
MOD (289) 35
ASSIGN (290) 9 10 12 13 23
LESS_EQUAL (291) 47
MORE_EQUAL (292) 49
NOT_EQUAL (293) 51
AND (294) 53
OR (295) 53
NOT (296) 52
STR (297) 43
INT_NUMBER (298) 41
REAL_NUMBER (299) 42


Nonterminals, with rules where they appear

$accept (59)
    on left: 0
program (60)
    on left: 1, on right: 0
declarations (61)
    on left: 2 3, on right: 1 2
statments (62)
    on left: 4 5, on right: 1 4
declaration (63)
    on left: 6 7 8, on right: 2
constant (64)
    on left: 9 10, on right: 6
variable (65)
    on left: 11 12 13, on right: 7
array (66)
    on left: 14, on right: 8
type (67)
    on left: 15 16 17 18, on right: 9 11 13 14
statment (68)
    on left: 19 20 21 22, on right: 4
simple (69)
    on left: 23 24 25 26 27 28 29 30, on right: 19
expressions (70)
    on left: 31 32 33 34 35 36 37 38 39 40, on right: 20 23 24 25 26
    31 32 33 34 35 36 37 46 47 48 49 50 51 52 53 58 60
const_exp (71)
    on left: 41 42 43 44 45, on right: 9 10 12 13 14 39
bool_expression (72)
    on left: 46 47 48 49 50 51 52 53, on right: 29 38
function_invocation (73)
    on left: 54 55, on right: 21
procedure_invacation (74)
    on left: 56 57, on right: 22
functionInputA (75)
    on left: 58, on right: 55 57
functionInputB (76)
    on left: 59 60, on right: 55 57 59


State 0

    0 $accept: . program $end

    $default  reduce using rule 3 (declarations)

    program       go to state 1
    declarations  go to state 2


State 1

    0 $accept: program . $end

    $end  shift, and go to state 3


State 2

    1 program: declarations . statments
    2 declarations: declarations . declaration

    CONST  shift, and go to state 4
    VAR    shift, and go to state 5

    $default  reduce using rule 5 (statments)

    statments    go to state 6
    declaration  go to state 7
    constant     go to state 8
    variable     go to state 9
    array        go to state 10


State 3

    0 $accept: program $end .

    $default  accept


State 4

    9 constant: CONST . ID ':' type ASSIGN const_exp
   10         | CONST . ID ASSIGN const_exp

    ID  shift, and go to state 11


State 5

   11 variable: VAR . ID ':' type
   12         | VAR . ID ASSIGN const_exp
   13         | VAR . ID ':' type ASSIGN const_exp
   14 array: VAR . ID ':' ARRAY ':' const_exp '.' '.' const_exp OF type

    ID  shift, and go to state 12


State 6

    1 program: declarations statments .
    4 statments: statments . statment

    ID           shift, and go to state 13
    EXIT         shift, and go to state 14
    FALSE        shift, and go to state 15
    GET          shift, and go to state 16
    PUT          shift, and go to state 17
    RESULT       shift, and go to state 18
    RETURN       shift, and go to state 19
    SKIP         shift, and go to state 20
    TRUE         shift, and go to state 21
    STR          shift, and go to state 22
    INT_NUMBER   shift, and go to state 23
    REAL_NUMBER  shift, and go to state 24
    '('          shift, and go to state 25
    '-'          shift, and go to state 26

    $default  reduce using rule 1 (program)

    statment              go to state 27
    simple                go to state 28
    expressions           go to state 29
    const_exp             go to state 30
    bool_expression       go to state 31
    function_invocation   go to state 32
    procedure_invacation  go to state 33


State 7

    2 declarations: declarations declaration .

    $default  reduce using rule 2 (declarations)


State 8

    6 declaration: constant .

    $default  reduce using rule 6 (declaration)


State 9

    7 declaration: variable .

    $default  reduce using rule 7 (declaration)


State 10

    8 declaration: array .

    $default  reduce using rule 8 (declaration)


State 11

    9 constant: CONST ID . ':' type ASSIGN const_exp
   10         | CONST ID . ASSIGN const_exp

    ASSIGN  shift, and go to state 34
    ':'     shift, and go to state 35


State 12

   11 variable: VAR ID . ':' type
   12         | VAR ID . ASSIGN const_exp
   13         | VAR ID . ':' type ASSIGN const_exp
   14 array: VAR ID . ':' ARRAY ':' const_exp '.' '.' const_exp OF type

    ASSIGN  shift, and go to state 36
    ':'     shift, and go to state 37


State 13

   23 simple: ID . ASSIGN expressions
   40 expressions: ID . '[' INT ']'
   54 function_invocation: ID . '(' ')'
   55                    | ID . '(' functionInputA functionInputB ')'
   56 procedure_invacation: ID . '(' ')'
   57                     | ID . '(' functionInputA functionInputB ')'

    ASSIGN  shift, and go to state 38
    '('     shift, and go to state 39
    '['     shift, and go to state 40


State 14

   28 simple: EXIT .
   29       | EXIT . WHEN bool_expression

    WHEN  shift, and go to state 41

    $default  reduce using rule 28 (simple)


State 15

   45 const_exp: FALSE .

    $default  reduce using rule 45 (const_exp)


State 16

   25 simple: GET . expressions

    ID           shift, and go to state 42
    FALSE        shift, and go to state 15
    TRUE         shift, and go to state 21
    STR          shift, and go to state 22
    INT_NUMBER   shift, and go to state 23
    REAL_NUMBER  shift, and go to state 24
    '('          shift, and go to state 25
    '-'          shift, and go to state 26

    expressions      go to state 43
    const_exp        go to state 30
    bool_expression  go to state 31


State 17

   24 simple: PUT . expressions

    ID           shift, and go to state 42
    FALSE        shift, and go to state 15
    TRUE         shift, and go to state 21
    STR          shift, and go to state 22
    INT_NUMBER   shift, and go to state 23
    REAL_NUMBER  shift, and go to state 24
    '('          shift, and go to state 25
    '-'          shift, and go to state 26

    expressions      go to state 44
    const_exp        go to state 30
    bool_expression  go to state 31


State 18

   26 simple: RESULT . expressions

    ID           shift, and go to state 42
    FALSE        shift, and go to state 15
    TRUE         shift, and go to state 21
    STR          shift, and go to state 22
    INT_NUMBER   shift, and go to state 23
    REAL_NUMBER  shift, and go to state 24
    '('          shift, and go to state 25
    '-'          shift, and go to state 26

    expressions      go to state 45
    const_exp        go to state 30
    bool_expression  go to state 31


State 19

   27 simple: RETURN .

    $default  reduce using rule 27 (simple)


State 20

   30 simple: SKIP .

    $default  reduce using rule 30 (simple)


State 21

   44 const_exp: TRUE .

    $default  reduce using rule 44 (const_exp)


State 22

   43 const_exp: STR .

    $default  reduce using rule 43 (const_exp)


State 23

   41 const_exp: INT_NUMBER .

    $default  reduce using rule 41 (const_exp)


State 24

   42 const_exp: REAL_NUMBER .

    $default  reduce using rule 42 (const_exp)


State 25

   32 expressions: '(' . expressions ')'

    ID           shift, and go to state 42
    FALSE        shift, and go to state 15
    TRUE         shift, and go to state 21
    STR          shift, and go to state 22
    INT_NUMBER   shift, and go to state 23
    REAL_NUMBER  shift, and go to state 24
    '('          shift, and go to state 25
    '-'          shift, and go to state 26

    expressions      go to state 46
    const_exp        go to state 30
    bool_expression  go to state 31


State 26

   31 expressions: '-' . expressions

    ID           shift, and go to state 42
    FALSE        shift, and go to state 15
    TRUE         shift, and go to state 21
    STR          shift, and go to state 22
    INT_NUMBER   shift, and go to state 23
    REAL_NUMBER  shift, and go to state 24
    '('          shift, and go to state 25
    '-'          shift, and go to state 26

    expressions      go to state 47
    const_exp        go to state 30
    bool_expression  go to state 31


State 27

    4 statments: statments statment .

    $default  reduce using rule 4 (statments)


State 28

   19 statment: simple .

    $default  reduce using rule 19 (statment)


State 29

   20 statment: expressions .
   33 expressions: expressions . '*' expressions
   34            | expressions . '/' expressions
   35            | expressions . MOD expressions
   36            | expressions . '+' expressions
   37            | expressions . '-' expressions
   46 bool_expression: expressions . '<' expressions
   47                | expressions . LESS_EQUAL expressions
   48                | expressions . '=' expressions
   49                | expressions . MORE_EQUAL expressions
   50                | expressions . '>' expressions
   51                | expressions . NOT_EQUAL expressions
   52                | expressions . NOT expressions
   53                | expressions . AND expressions expressions OR expressions

    MOD         shift, and go to state 48
    LESS_EQUAL  shift, and go to state 49
    MORE_EQUAL  shift, and go to state 50
    NOT_EQUAL   shift, and go to state 51
    AND         shift, and go to state 52
    NOT         shift, and go to state 53
    '-'         shift, and go to state 54
    '*'         shift, and go to state 55
    '/'         shift, and go to state 56
    '+'         shift, and go to state 57
    '<'         shift, and go to state 58
    '='         shift, and go to state 59
    '>'         shift, and go to state 60

    '-'       [reduce using rule 20 (statment)]
    $default  reduce using rule 20 (statment)


State 30

   39 expressions: const_exp .

    $default  reduce using rule 39 (expressions)


State 31

   38 expressions: bool_expression .

    $default  reduce using rule 38 (expressions)


State 32

   21 statment: function_invocation .

    $default  reduce using rule 21 (statment)


State 33

   22 statment: procedure_invacation .

    $default  reduce using rule 22 (statment)


State 34

   10 constant: CONST ID ASSIGN . const_exp

    FALSE        shift, and go to state 15
    TRUE         shift, and go to state 21
    STR          shift, and go to state 22
    INT_NUMBER   shift, and go to state 23
    REAL_NUMBER  shift, and go to state 24

    const_exp  go to state 61


State 35

    9 constant: CONST ID ':' . type ASSIGN const_exp

    BOOL    shift, and go to state 62
    INT     shift, and go to state 63
    REAL    shift, and go to state 64
    STRING  shift, and go to state 65

    type  go to state 66


State 36

   12 variable: VAR ID ASSIGN . const_exp

    FALSE        shift, and go to state 15
    TRUE         shift, and go to state 21
    STR          shift, and go to state 22
    INT_NUMBER   shift, and go to state 23
    REAL_NUMBER  shift, and go to state 24

    const_exp  go to state 67


State 37

   11 variable: VAR ID ':' . type
   13         | VAR ID ':' . type ASSIGN const_exp
   14 array: VAR ID ':' . ARRAY ':' const_exp '.' '.' const_exp OF type

    ARRAY   shift, and go to state 68
    BOOL    shift, and go to state 62
    INT     shift, and go to state 63
    REAL    shift, and go to state 64
    STRING  shift, and go to state 65

    type  go to state 69


State 38

   23 simple: ID ASSIGN . expressions

    ID           shift, and go to state 42
    FALSE        shift, and go to state 15
    TRUE         shift, and go to state 21
    STR          shift, and go to state 22
    INT_NUMBER   shift, and go to state 23
    REAL_NUMBER  shift, and go to state 24
    '('          shift, and go to state 25
    '-'          shift, and go to state 26

    expressions      go to state 70
    const_exp        go to state 30
    bool_expression  go to state 31


State 39

   54 function_invocation: ID '(' . ')'
   55                    | ID '(' . functionInputA functionInputB ')'
   56 procedure_invacation: ID '(' . ')'
   57                     | ID '(' . functionInputA functionInputB ')'

    ID           shift, and go to state 42
    FALSE        shift, and go to state 15
    TRUE         shift, and go to state 21
    STR          shift, and go to state 22
    INT_NUMBER   shift, and go to state 23
    REAL_NUMBER  shift, and go to state 24
    '('          shift, and go to state 25
    ')'          shift, and go to state 71
    '-'          shift, and go to state 26

    expressions      go to state 72
    const_exp        go to state 30
    bool_expression  go to state 31
    functionInputA   go to state 73


State 40

   40 expressions: ID '[' . INT ']'

    INT  shift, and go to state 74


State 41

   29 simple: EXIT WHEN . bool_expression

    ID           shift, and go to state 42
    FALSE        shift, and go to state 15
    TRUE         shift, and go to state 21
    STR          shift, and go to state 22
    INT_NUMBER   shift, and go to state 23
    REAL_NUMBER  shift, and go to state 24
    '('          shift, and go to state 25
    '-'          shift, and go to state 26

    expressions      go to state 75
    const_exp        go to state 30
    bool_expression  go to state 76


State 42

   40 expressions: ID . '[' INT ']'

    '['  shift, and go to state 40


State 43

   25 simple: GET expressions .
   33 expressions: expressions . '*' expressions
   34            | expressions . '/' expressions
   35            | expressions . MOD expressions
   36            | expressions . '+' expressions
   37            | expressions . '-' expressions
   46 bool_expression: expressions . '<' expressions
   47                | expressions . LESS_EQUAL expressions
   48                | expressions . '=' expressions
   49                | expressions . MORE_EQUAL expressions
   50                | expressions . '>' expressions
   51                | expressions . NOT_EQUAL expressions
   52                | expressions . NOT expressions
   53                | expressions . AND expressions expressions OR expressions

    MOD         shift, and go to state 48
    LESS_EQUAL  shift, and go to state 49
    MORE_EQUAL  shift, and go to state 50
    NOT_EQUAL   shift, and go to state 51
    AND         shift, and go to state 52
    NOT         shift, and go to state 53
    '-'         shift, and go to state 54
    '*'         shift, and go to state 55
    '/'         shift, and go to state 56
    '+'         shift, and go to state 57
    '<'         shift, and go to state 58
    '='         shift, and go to state 59
    '>'         shift, and go to state 60

    '-'       [reduce using rule 25 (simple)]
    $default  reduce using rule 25 (simple)


State 44

   24 simple: PUT expressions .
   33 expressions: expressions . '*' expressions
   34            | expressions . '/' expressions
   35            | expressions . MOD expressions
   36            | expressions . '+' expressions
   37            | expressions . '-' expressions
   46 bool_expression: expressions . '<' expressions
   47                | expressions . LESS_EQUAL expressions
   48                | expressions . '=' expressions
   49                | expressions . MORE_EQUAL expressions
   50                | expressions . '>' expressions
   51                | expressions . NOT_EQUAL expressions
   52                | expressions . NOT expressions
   53                | expressions . AND expressions expressions OR expressions

    MOD         shift, and go to state 48
    LESS_EQUAL  shift, and go to state 49
    MORE_EQUAL  shift, and go to state 50
    NOT_EQUAL   shift, and go to state 51
    AND         shift, and go to state 52
    NOT         shift, and go to state 53
    '-'         shift, and go to state 54
    '*'         shift, and go to state 55
    '/'         shift, and go to state 56
    '+'         shift, and go to state 57
    '<'         shift, and go to state 58
    '='         shift, and go to state 59
    '>'         shift, and go to state 60

    '-'       [reduce using rule 24 (simple)]
    $default  reduce using rule 24 (simple)


State 45

   26 simple: RESULT expressions .
   33 expressions: expressions . '*' expressions
   34            | expressions . '/' expressions
   35            | expressions . MOD expressions
   36            | expressions . '+' expressions
   37            | expressions . '-' expressions
   46 bool_expression: expressions . '<' expressions
   47                | expressions . LESS_EQUAL expressions
   48                | expressions . '=' expressions
   49                | expressions . MORE_EQUAL expressions
   50                | expressions . '>' expressions
   51                | expressions . NOT_EQUAL expressions
   52                | expressions . NOT expressions
   53                | expressions . AND expressions expressions OR expressions

    MOD         shift, and go to state 48
    LESS_EQUAL  shift, and go to state 49
    MORE_EQUAL  shift, and go to state 50
    NOT_EQUAL   shift, and go to state 51
    AND         shift, and go to state 52
    NOT         shift, and go to state 53
    '-'         shift, and go to state 54
    '*'         shift, and go to state 55
    '/'         shift, and go to state 56
    '+'         shift, and go to state 57
    '<'         shift, and go to state 58
    '='         shift, and go to state 59
    '>'         shift, and go to state 60

    '-'       [reduce using rule 26 (simple)]
    $default  reduce using rule 26 (simple)


State 46

   32 expressions: '(' expressions . ')'
   33            | expressions . '*' expressions
   34            | expressions . '/' expressions
   35            | expressions . MOD expressions
   36            | expressions . '+' expressions
   37            | expressions . '-' expressions
   46 bool_expression: expressions . '<' expressions
   47                | expressions . LESS_EQUAL expressions
   48                | expressions . '=' expressions
   49                | expressions . MORE_EQUAL expressions
   50                | expressions . '>' expressions
   51                | expressions . NOT_EQUAL expressions
   52                | expressions . NOT expressions
   53                | expressions . AND expressions expressions OR expressions

    MOD         shift, and go to state 48
    LESS_EQUAL  shift, and go to state 49
    MORE_EQUAL  shift, and go to state 50
    NOT_EQUAL   shift, and go to state 51
    AND         shift, and go to state 52
    NOT         shift, and go to state 53
    ')'         shift, and go to state 77
    '-'         shift, and go to state 54
    '*'         shift, and go to state 55
    '/'         shift, and go to state 56
    '+'         shift, and go to state 57
    '<'         shift, and go to state 58
    '='         shift, and go to state 59
    '>'         shift, and go to state 60


State 47

   31 expressions: '-' expressions .
   33            | expressions . '*' expressions
   34            | expressions . '/' expressions
   35            | expressions . MOD expressions
   36            | expressions . '+' expressions
   37            | expressions . '-' expressions
   46 bool_expression: expressions . '<' expressions
   47                | expressions . LESS_EQUAL expressions
   48                | expressions . '=' expressions
   49                | expressions . MORE_EQUAL expressions
   50                | expressions . '>' expressions
   51                | expressions . NOT_EQUAL expressions
   52                | expressions . NOT expressions
   53                | expressions . AND expressions expressions OR expressions

    MOD         shift, and go to state 48
    LESS_EQUAL  shift, and go to state 49
    MORE_EQUAL  shift, and go to state 50
    NOT_EQUAL   shift, and go to state 51
    AND         shift, and go to state 52
    NOT         shift, and go to state 53
    '-'         shift, and go to state 54
    '*'         shift, and go to state 55
    '/'         shift, and go to state 56
    '+'         shift, and go to state 57
    '<'         shift, and go to state 58
    '='         shift, and go to state 59
    '>'         shift, and go to state 60

    MOD         [reduce using rule 31 (expressions)]
    LESS_EQUAL  [reduce using rule 31 (expressions)]
    MORE_EQUAL  [reduce using rule 31 (expressions)]
    NOT_EQUAL   [reduce using rule 31 (expressions)]
    AND         [reduce using rule 31 (expressions)]
    NOT         [reduce using rule 31 (expressions)]
    '-'         [reduce using rule 31 (expressions)]
    '*'         [reduce using rule 31 (expressions)]
    '/'         [reduce using rule 31 (expressions)]
    '+'         [reduce using rule 31 (expressions)]
    '<'         [reduce using rule 31 (expressions)]
    '='         [reduce using rule 31 (expressions)]
    '>'         [reduce using rule 31 (expressions)]
    $default    reduce using rule 31 (expressions)


State 48

   35 expressions: expressions MOD . expressions

    ID           shift, and go to state 42
    FALSE        shift, and go to state 15
    TRUE         shift, and go to state 21
    STR          shift, and go to state 22
    INT_NUMBER   shift, and go to state 23
    REAL_NUMBER  shift, and go to state 24
    '('          shift, and go to state 25
    '-'          shift, and go to state 26

    expressions      go to state 78
    const_exp        go to state 30
    bool_expression  go to state 31


State 49

   47 bool_expression: expressions LESS_EQUAL . expressions

    ID           shift, and go to state 42
    FALSE        shift, and go to state 15
    TRUE         shift, and go to state 21
    STR          shift, and go to state 22
    INT_NUMBER   shift, and go to state 23
    REAL_NUMBER  shift, and go to state 24
    '('          shift, and go to state 25
    '-'          shift, and go to state 26

    expressions      go to state 79
    const_exp        go to state 30
    bool_expression  go to state 31


State 50

   49 bool_expression: expressions MORE_EQUAL . expressions

    ID           shift, and go to state 42
    FALSE        shift, and go to state 15
    TRUE         shift, and go to state 21
    STR          shift, and go to state 22
    INT_NUMBER   shift, and go to state 23
    REAL_NUMBER  shift, and go to state 24
    '('          shift, and go to state 25
    '-'          shift, and go to state 26

    expressions      go to state 80
    const_exp        go to state 30
    bool_expression  go to state 31


State 51

   51 bool_expression: expressions NOT_EQUAL . expressions

    ID           shift, and go to state 42
    FALSE        shift, and go to state 15
    TRUE         shift, and go to state 21
    STR          shift, and go to state 22
    INT_NUMBER   shift, and go to state 23
    REAL_NUMBER  shift, and go to state 24
    '('          shift, and go to state 25
    '-'          shift, and go to state 26

    expressions      go to state 81
    const_exp        go to state 30
    bool_expression  go to state 31


State 52

   53 bool_expression: expressions AND . expressions expressions OR expressions

    ID           shift, and go to state 42
    FALSE        shift, and go to state 15
    TRUE         shift, and go to state 21
    STR          shift, and go to state 22
    INT_NUMBER   shift, and go to state 23
    REAL_NUMBER  shift, and go to state 24
    '('          shift, and go to state 25
    '-'          shift, and go to state 26

    expressions      go to state 82
    const_exp        go to state 30
    bool_expression  go to state 31


State 53

   52 bool_expression: expressions NOT . expressions

    ID           shift, and go to state 42
    FALSE        shift, and go to state 15
    TRUE         shift, and go to state 21
    STR          shift, and go to state 22
    INT_NUMBER   shift, and go to state 23
    REAL_NUMBER  shift, and go to state 24
    '('          shift, and go to state 25
    '-'          shift, and go to state 26

    expressions      go to state 83
    const_exp        go to state 30
    bool_expression  go to state 31


State 54

   37 expressions: expressions '-' . expressions

    ID           shift, and go to state 42
    FALSE        shift, and go to state 15
    TRUE         shift, and go to state 21
    STR          shift, and go to state 22
    INT_NUMBER   shift, and go to state 23
    REAL_NUMBER  shift, and go to state 24
    '('          shift, and go to state 25
    '-'          shift, and go to state 26

    expressions      go to state 84
    const_exp        go to state 30
    bool_expression  go to state 31


State 55

   33 expressions: expressions '*' . expressions

    ID           shift, and go to state 42
    FALSE        shift, and go to state 15
    TRUE         shift, and go to state 21
    STR          shift, and go to state 22
    INT_NUMBER   shift, and go to state 23
    REAL_NUMBER  shift, and go to state 24
    '('          shift, and go to state 25
    '-'          shift, and go to state 26

    expressions      go to state 85
    const_exp        go to state 30
    bool_expression  go to state 31


State 56

   34 expressions: expressions '/' . expressions

    ID           shift, and go to state 42
    FALSE        shift, and go to state 15
    TRUE         shift, and go to state 21
    STR          shift, and go to state 22
    INT_NUMBER   shift, and go to state 23
    REAL_NUMBER  shift, and go to state 24
    '('          shift, and go to state 25
    '-'          shift, and go to state 26

    expressions      go to state 86
    const_exp        go to state 30
    bool_expression  go to state 31


State 57

   36 expressions: expressions '+' . expressions

    ID           shift, and go to state 42
    FALSE        shift, and go to state 15
    TRUE         shift, and go to state 21
    STR          shift, and go to state 22
    INT_NUMBER   shift, and go to state 23
    REAL_NUMBER  shift, and go to state 24
    '('          shift, and go to state 25
    '-'          shift, and go to state 26

    expressions      go to state 87
    const_exp        go to state 30
    bool_expression  go to state 31


State 58

   46 bool_expression: expressions '<' . expressions

    ID           shift, and go to state 42
    FALSE        shift, and go to state 15
    TRUE         shift, and go to state 21
    STR          shift, and go to state 22
    INT_NUMBER   shift, and go to state 23
    REAL_NUMBER  shift, and go to state 24
    '('          shift, and go to state 25
    '-'          shift, and go to state 26

    expressions      go to state 88
    const_exp        go to state 30
    bool_expression  go to state 31


State 59

   48 bool_expression: expressions '=' . expressions

    ID           shift, and go to state 42
    FALSE        shift, and go to state 15
    TRUE         shift, and go to state 21
    STR          shift, and go to state 22
    INT_NUMBER   shift, and go to state 23
    REAL_NUMBER  shift, and go to state 24
    '('          shift, and go to state 25
    '-'          shift, and go to state 26

    expressions      go to state 89
    const_exp        go to state 30
    bool_expression  go to state 31


State 60

   50 bool_expression: expressions '>' . expressions

    ID           shift, and go to state 42
    FALSE        shift, and go to state 15
    TRUE         shift, and go to state 21
    STR          shift, and go to state 22
    INT_NUMBER   shift, and go to state 23
    REAL_NUMBER  shift, and go to state 24
    '('          shift, and go to state 25
    '-'          shift, and go to state 26

    expressions      go to state 90
    const_exp        go to state 30
    bool_expression  go to state 31


State 61

   10 constant: CONST ID ASSIGN const_exp .

    $default  reduce using rule 10 (constant)


State 62

   15 type: BOOL .

    $default  reduce using rule 15 (type)


State 63

   16 type: INT .

    $default  reduce using rule 16 (type)


State 64

   17 type: REAL .

    $default  reduce using rule 17 (type)


State 65

   18 type: STRING .

    $default  reduce using rule 18 (type)


State 66

    9 constant: CONST ID ':' type . ASSIGN const_exp

    ASSIGN  shift, and go to state 91


State 67

   12 variable: VAR ID ASSIGN const_exp .

    $default  reduce using rule 12 (variable)


State 68

   14 array: VAR ID ':' ARRAY . ':' const_exp '.' '.' const_exp OF type

    ':'  shift, and go to state 92


State 69

   11 variable: VAR ID ':' type .
   13         | VAR ID ':' type . ASSIGN const_exp

    ASSIGN  shift, and go to state 93

    $default  reduce using rule 11 (variable)


State 70

   23 simple: ID ASSIGN expressions .
   33 expressions: expressions . '*' expressions
   34            | expressions . '/' expressions
   35            | expressions . MOD expressions
   36            | expressions . '+' expressions
   37            | expressions . '-' expressions
   46 bool_expression: expressions . '<' expressions
   47                | expressions . LESS_EQUAL expressions
   48                | expressions . '=' expressions
   49                | expressions . MORE_EQUAL expressions
   50                | expressions . '>' expressions
   51                | expressions . NOT_EQUAL expressions
   52                | expressions . NOT expressions
   53                | expressions . AND expressions expressions OR expressions

    MOD         shift, and go to state 48
    LESS_EQUAL  shift, and go to state 49
    MORE_EQUAL  shift, and go to state 50
    NOT_EQUAL   shift, and go to state 51
    AND         shift, and go to state 52
    NOT         shift, and go to state 53
    '-'         shift, and go to state 54
    '*'         shift, and go to state 55
    '/'         shift, and go to state 56
    '+'         shift, and go to state 57
    '<'         shift, and go to state 58
    '='         shift, and go to state 59
    '>'         shift, and go to state 60

    '-'       [reduce using rule 23 (simple)]
    $default  reduce using rule 23 (simple)


State 71

   54 function_invocation: ID '(' ')' .
   56 procedure_invacation: ID '(' ')' .

    $end         reduce using rule 54 (function_invocation)
    $end         [reduce using rule 56 (procedure_invacation)]
    ID           reduce using rule 54 (function_invocation)
    ID           [reduce using rule 56 (procedure_invacation)]
    EXIT         reduce using rule 54 (function_invocation)
    EXIT         [reduce using rule 56 (procedure_invacation)]
    FALSE        reduce using rule 54 (function_invocation)
    FALSE        [reduce using rule 56 (procedure_invacation)]
    GET          reduce using rule 54 (function_invocation)
    GET          [reduce using rule 56 (procedure_invacation)]
    PUT          reduce using rule 54 (function_invocation)
    PUT          [reduce using rule 56 (procedure_invacation)]
    RESULT       reduce using rule 54 (function_invocation)
    RESULT       [reduce using rule 56 (procedure_invacation)]
    RETURN       reduce using rule 54 (function_invocation)
    RETURN       [reduce using rule 56 (procedure_invacation)]
    SKIP         reduce using rule 54 (function_invocation)
    SKIP         [reduce using rule 56 (procedure_invacation)]
    TRUE         reduce using rule 54 (function_invocation)
    TRUE         [reduce using rule 56 (procedure_invacation)]
    STR          reduce using rule 54 (function_invocation)
    STR          [reduce using rule 56 (procedure_invacation)]
    INT_NUMBER   reduce using rule 54 (function_invocation)
    INT_NUMBER   [reduce using rule 56 (procedure_invacation)]
    REAL_NUMBER  reduce using rule 54 (function_invocation)
    REAL_NUMBER  [reduce using rule 56 (procedure_invacation)]
    '('          reduce using rule 54 (function_invocation)
    '('          [reduce using rule 56 (procedure_invacation)]
    '-'          reduce using rule 54 (function_invocation)
    '-'          [reduce using rule 56 (procedure_invacation)]
    $default     reduce using rule 54 (function_invocation)


State 72

   33 expressions: expressions . '*' expressions
   34            | expressions . '/' expressions
   35            | expressions . MOD expressions
   36            | expressions . '+' expressions
   37            | expressions . '-' expressions
   46 bool_expression: expressions . '<' expressions
   47                | expressions . LESS_EQUAL expressions
   48                | expressions . '=' expressions
   49                | expressions . MORE_EQUAL expressions
   50                | expressions . '>' expressions
   51                | expressions . NOT_EQUAL expressions
   52                | expressions . NOT expressions
   53                | expressions . AND expressions expressions OR expressions
   58 functionInputA: expressions .

    MOD         shift, and go to state 48
    LESS_EQUAL  shift, and go to state 49
    MORE_EQUAL  shift, and go to state 50
    NOT_EQUAL   shift, and go to state 51
    AND         shift, and go to state 52
    NOT         shift, and go to state 53
    '-'         shift, and go to state 54
    '*'         shift, and go to state 55
    '/'         shift, and go to state 56
    '+'         shift, and go to state 57
    '<'         shift, and go to state 58
    '='         shift, and go to state 59
    '>'         shift, and go to state 60

    $default  reduce using rule 58 (functionInputA)


State 73

   55 function_invocation: ID '(' functionInputA . functionInputB ')'
   57 procedure_invacation: ID '(' functionInputA . functionInputB ')'

    ','  shift, and go to state 94

    functionInputB  go to state 95


State 74

   40 expressions: ID '[' INT . ']'

    ']'  shift, and go to state 96


State 75

   33 expressions: expressions . '*' expressions
   34            | expressions . '/' expressions
   35            | expressions . MOD expressions
   36            | expressions . '+' expressions
   37            | expressions . '-' expressions
   46 bool_expression: expressions . '<' expressions
   47                | expressions . LESS_EQUAL expressions
   48                | expressions . '=' expressions
   49                | expressions . MORE_EQUAL expressions
   50                | expressions . '>' expressions
   51                | expressions . NOT_EQUAL expressions
   52                | expressions . NOT expressions
   53                | expressions . AND expressions expressions OR expressions

    MOD         shift, and go to state 48
    LESS_EQUAL  shift, and go to state 49
    MORE_EQUAL  shift, and go to state 50
    NOT_EQUAL   shift, and go to state 51
    AND         shift, and go to state 52
    NOT         shift, and go to state 53
    '-'         shift, and go to state 54
    '*'         shift, and go to state 55
    '/'         shift, and go to state 56
    '+'         shift, and go to state 57
    '<'         shift, and go to state 58
    '='         shift, and go to state 59
    '>'         shift, and go to state 60


State 76

   29 simple: EXIT WHEN bool_expression .
   38 expressions: bool_expression .

    MOD         reduce using rule 38 (expressions)
    LESS_EQUAL  reduce using rule 38 (expressions)
    MORE_EQUAL  reduce using rule 38 (expressions)
    NOT_EQUAL   reduce using rule 38 (expressions)
    AND         reduce using rule 38 (expressions)
    NOT         reduce using rule 38 (expressions)
    '-'         reduce using rule 29 (simple)
    '-'         [reduce using rule 38 (expressions)]
    '*'         reduce using rule 38 (expressions)
    '/'         reduce using rule 38 (expressions)
    '+'         reduce using rule 38 (expressions)
    '<'         reduce using rule 38 (expressions)
    '='         reduce using rule 38 (expressions)
    '>'         reduce using rule 38 (expressions)
    $default    reduce using rule 29 (simple)


State 77

   32 expressions: '(' expressions ')' .

    $default  reduce using rule 32 (expressions)


State 78

   33 expressions: expressions . '*' expressions
   34            | expressions . '/' expressions
   35            | expressions . MOD expressions
   35            | expressions MOD expressions .
   36            | expressions . '+' expressions
   37            | expressions . '-' expressions
   46 bool_expression: expressions . '<' expressions
   47                | expressions . LESS_EQUAL expressions
   48                | expressions . '=' expressions
   49                | expressions . MORE_EQUAL expressions
   50                | expressions . '>' expressions
   51                | expressions . NOT_EQUAL expressions
   52                | expressions . NOT expressions
   53                | expressions . AND expressions expressions OR expressions

    MOD         shift, and go to state 48
    LESS_EQUAL  shift, and go to state 49
    MORE_EQUAL  shift, and go to state 50
    NOT_EQUAL   shift, and go to state 51
    AND         shift, and go to state 52
    NOT         shift, and go to state 53
    '-'         shift, and go to state 54
    '*'         shift, and go to state 55
    '/'         shift, and go to state 56
    '+'         shift, and go to state 57
    '<'         shift, and go to state 58
    '='         shift, and go to state 59
    '>'         shift, and go to state 60

    MOD         [reduce using rule 35 (expressions)]
    LESS_EQUAL  [reduce using rule 35 (expressions)]
    MORE_EQUAL  [reduce using rule 35 (expressions)]
    NOT_EQUAL   [reduce using rule 35 (expressions)]
    AND         [reduce using rule 35 (expressions)]
    NOT         [reduce using rule 35 (expressions)]
    '-'         [reduce using rule 35 (expressions)]
    '*'         [reduce using rule 35 (expressions)]
    '/'         [reduce using rule 35 (expressions)]
    '+'         [reduce using rule 35 (expressions)]
    '<'         [reduce using rule 35 (expressions)]
    '='         [reduce using rule 35 (expressions)]
    '>'         [reduce using rule 35 (expressions)]
    $default    reduce using rule 35 (expressions)


State 79

   33 expressions: expressions . '*' expressions
   34            | expressions . '/' expressions
   35            | expressions . MOD expressions
   36            | expressions . '+' expressions
   37            | expressions . '-' expressions
   46 bool_expression: expressions . '<' expressions
   47                | expressions . LESS_EQUAL expressions
   47                | expressions LESS_EQUAL expressions .
   48                | expressions . '=' expressions
   49                | expressions . MORE_EQUAL expressions
   50                | expressions . '>' expressions
   51                | expressions . NOT_EQUAL expressions
   52                | expressions . NOT expressions
   53                | expressions . AND expressions expressions OR expressions

    MOD         shift, and go to state 48
    LESS_EQUAL  shift, and go to state 49
    MORE_EQUAL  shift, and go to state 50
    NOT_EQUAL   shift, and go to state 51
    AND         shift, and go to state 52
    NOT         shift, and go to state 53
    '-'         shift, and go to state 54
    '*'         shift, and go to state 55
    '/'         shift, and go to state 56
    '+'         shift, and go to state 57
    '<'         shift, and go to state 58
    '='         shift, and go to state 59
    '>'         shift, and go to state 60

    MOD         [reduce using rule 47 (bool_expression)]
    LESS_EQUAL  [reduce using rule 47 (bool_expression)]
    MORE_EQUAL  [reduce using rule 47 (bool_expression)]
    NOT_EQUAL   [reduce using rule 47 (bool_expression)]
    AND         [reduce using rule 47 (bool_expression)]
    NOT         [reduce using rule 47 (bool_expression)]
    '-'         [reduce using rule 47 (bool_expression)]
    '*'         [reduce using rule 47 (bool_expression)]
    '/'         [reduce using rule 47 (bool_expression)]
    '+'         [reduce using rule 47 (bool_expression)]
    '<'         [reduce using rule 47 (bool_expression)]
    '='         [reduce using rule 47 (bool_expression)]
    '>'         [reduce using rule 47 (bool_expression)]
    $default    reduce using rule 47 (bool_expression)


State 80

   33 expressions: expressions . '*' expressions
   34            | expressions . '/' expressions
   35            | expressions . MOD expressions
   36            | expressions . '+' expressions
   37            | expressions . '-' expressions
   46 bool_expression: expressions . '<' expressions
   47                | expressions . LESS_EQUAL expressions
   48                | expressions . '=' expressions
   49                | expressions . MORE_EQUAL expressions
   49                | expressions MORE_EQUAL expressions .
   50                | expressions . '>' expressions
   51                | expressions . NOT_EQUAL expressions
   52                | expressions . NOT expressions
   53                | expressions . AND expressions expressions OR expressions

    MOD         shift, and go to state 48
    LESS_EQUAL  shift, and go to state 49
    MORE_EQUAL  shift, and go to state 50
    NOT_EQUAL   shift, and go to state 51
    AND         shift, and go to state 52
    NOT         shift, and go to state 53
    '-'         shift, and go to state 54
    '*'         shift, and go to state 55
    '/'         shift, and go to state 56
    '+'         shift, and go to state 57
    '<'         shift, and go to state 58
    '='         shift, and go to state 59
    '>'         shift, and go to state 60

    MOD         [reduce using rule 49 (bool_expression)]
    LESS_EQUAL  [reduce using rule 49 (bool_expression)]
    MORE_EQUAL  [reduce using rule 49 (bool_expression)]
    NOT_EQUAL   [reduce using rule 49 (bool_expression)]
    AND         [reduce using rule 49 (bool_expression)]
    NOT         [reduce using rule 49 (bool_expression)]
    '-'         [reduce using rule 49 (bool_expression)]
    '*'         [reduce using rule 49 (bool_expression)]
    '/'         [reduce using rule 49 (bool_expression)]
    '+'         [reduce using rule 49 (bool_expression)]
    '<'         [reduce using rule 49 (bool_expression)]
    '='         [reduce using rule 49 (bool_expression)]
    '>'         [reduce using rule 49 (bool_expression)]
    $default    reduce using rule 49 (bool_expression)


State 81

   33 expressions: expressions . '*' expressions
   34            | expressions . '/' expressions
   35            | expressions . MOD expressions
   36            | expressions . '+' expressions
   37            | expressions . '-' expressions
   46 bool_expression: expressions . '<' expressions
   47                | expressions . LESS_EQUAL expressions
   48                | expressions . '=' expressions
   49                | expressions . MORE_EQUAL expressions
   50                | expressions . '>' expressions
   51                | expressions . NOT_EQUAL expressions
   51                | expressions NOT_EQUAL expressions .
   52                | expressions . NOT expressions
   53                | expressions . AND expressions expressions OR expressions

    MOD         shift, and go to state 48
    LESS_EQUAL  shift, and go to state 49
    MORE_EQUAL  shift, and go to state 50
    NOT_EQUAL   shift, and go to state 51
    AND         shift, and go to state 52
    NOT         shift, and go to state 53
    '-'         shift, and go to state 54
    '*'         shift, and go to state 55
    '/'         shift, and go to state 56
    '+'         shift, and go to state 57
    '<'         shift, and go to state 58
    '='         shift, and go to state 59
    '>'         shift, and go to state 60

    MOD         [reduce using rule 51 (bool_expression)]
    LESS_EQUAL  [reduce using rule 51 (bool_expression)]
    MORE_EQUAL  [reduce using rule 51 (bool_expression)]
    NOT_EQUAL   [reduce using rule 51 (bool_expression)]
    AND         [reduce using rule 51 (bool_expression)]
    NOT         [reduce using rule 51 (bool_expression)]
    '-'         [reduce using rule 51 (bool_expression)]
    '*'         [reduce using rule 51 (bool_expression)]
    '/'         [reduce using rule 51 (bool_expression)]
    '+'         [reduce using rule 51 (bool_expression)]
    '<'         [reduce using rule 51 (bool_expression)]
    '='         [reduce using rule 51 (bool_expression)]
    '>'         [reduce using rule 51 (bool_expression)]
    $default    reduce using rule 51 (bool_expression)


State 82

   33 expressions: expressions . '*' expressions
   34            | expressions . '/' expressions
   35            | expressions . MOD expressions
   36            | expressions . '+' expressions
   37            | expressions . '-' expressions
   46 bool_expression: expressions . '<' expressions
   47                | expressions . LESS_EQUAL expressions
   48                | expressions . '=' expressions
   49                | expressions . MORE_EQUAL expressions
   50                | expressions . '>' expressions
   51                | expressions . NOT_EQUAL expressions
   52                | expressions . NOT expressions
   53                | expressions . AND expressions expressions OR expressions
   53                | expressions AND expressions . expressions OR expressions

    ID           shift, and go to state 42
    FALSE        shift, and go to state 15
    TRUE         shift, and go to state 21
    MOD          shift, and go to state 48
    LESS_EQUAL   shift, and go to state 49
    MORE_EQUAL   shift, and go to state 50
    NOT_EQUAL    shift, and go to state 51
    AND          shift, and go to state 52
    NOT          shift, and go to state 53
    STR          shift, and go to state 22
    INT_NUMBER   shift, and go to state 23
    REAL_NUMBER  shift, and go to state 24
    '('          shift, and go to state 25
    '-'          shift, and go to state 97
    '*'          shift, and go to state 55
    '/'          shift, and go to state 56
    '+'          shift, and go to state 57
    '<'          shift, and go to state 58
    '='          shift, and go to state 59
    '>'          shift, and go to state 60

    expressions      go to state 98
    const_exp        go to state 30
    bool_expression  go to state 31


State 83

   33 expressions: expressions . '*' expressions
   34            | expressions . '/' expressions
   35            | expressions . MOD expressions
   36            | expressions . '+' expressions
   37            | expressions . '-' expressions
   46 bool_expression: expressions . '<' expressions
   47                | expressions . LESS_EQUAL expressions
   48                | expressions . '=' expressions
   49                | expressions . MORE_EQUAL expressions
   50                | expressions . '>' expressions
   51                | expressions . NOT_EQUAL expressions
   52                | expressions . NOT expressions
   52                | expressions NOT expressions .
   53                | expressions . AND expressions expressions OR expressions

    MOD         shift, and go to state 48
    LESS_EQUAL  shift, and go to state 49
    MORE_EQUAL  shift, and go to state 50
    NOT_EQUAL   shift, and go to state 51
    AND         shift, and go to state 52
    NOT         shift, and go to state 53
    '-'         shift, and go to state 54
    '*'         shift, and go to state 55
    '/'         shift, and go to state 56
    '+'         shift, and go to state 57
    '<'         shift, and go to state 58
    '='         shift, and go to state 59
    '>'         shift, and go to state 60

    MOD         [reduce using rule 52 (bool_expression)]
    LESS_EQUAL  [reduce using rule 52 (bool_expression)]
    MORE_EQUAL  [reduce using rule 52 (bool_expression)]
    NOT_EQUAL   [reduce using rule 52 (bool_expression)]
    AND         [reduce using rule 52 (bool_expression)]
    NOT         [reduce using rule 52 (bool_expression)]
    '-'         [reduce using rule 52 (bool_expression)]
    '*'         [reduce using rule 52 (bool_expression)]
    '/'         [reduce using rule 52 (bool_expression)]
    '+'         [reduce using rule 52 (bool_expression)]
    '<'         [reduce using rule 52 (bool_expression)]
    '='         [reduce using rule 52 (bool_expression)]
    '>'         [reduce using rule 52 (bool_expression)]
    $default    reduce using rule 52 (bool_expression)


State 84

   33 expressions: expressions . '*' expressions
   34            | expressions . '/' expressions
   35            | expressions . MOD expressions
   36            | expressions . '+' expressions
   37            | expressions . '-' expressions
   37            | expressions '-' expressions .
   46 bool_expression: expressions . '<' expressions
   47                | expressions . LESS_EQUAL expressions
   48                | expressions . '=' expressions
   49                | expressions . MORE_EQUAL expressions
   50                | expressions . '>' expressions
   51                | expressions . NOT_EQUAL expressions
   52                | expressions . NOT expressions
   53                | expressions . AND expressions expressions OR expressions

    MOD         shift, and go to state 48
    LESS_EQUAL  shift, and go to state 49
    MORE_EQUAL  shift, and go to state 50
    NOT_EQUAL   shift, and go to state 51
    AND         shift, and go to state 52
    NOT         shift, and go to state 53
    '-'         shift, and go to state 54
    '*'         shift, and go to state 55
    '/'         shift, and go to state 56
    '+'         shift, and go to state 57
    '<'         shift, and go to state 58
    '='         shift, and go to state 59
    '>'         shift, and go to state 60

    MOD         [reduce using rule 37 (expressions)]
    LESS_EQUAL  [reduce using rule 37 (expressions)]
    MORE_EQUAL  [reduce using rule 37 (expressions)]
    NOT_EQUAL   [reduce using rule 37 (expressions)]
    AND         [reduce using rule 37 (expressions)]
    NOT         [reduce using rule 37 (expressions)]
    '-'         [reduce using rule 37 (expressions)]
    '*'         [reduce using rule 37 (expressions)]
    '/'         [reduce using rule 37 (expressions)]
    '+'         [reduce using rule 37 (expressions)]
    '<'         [reduce using rule 37 (expressions)]
    '='         [reduce using rule 37 (expressions)]
    '>'         [reduce using rule 37 (expressions)]
    $default    reduce using rule 37 (expressions)


State 85

   33 expressions: expressions . '*' expressions
   33            | expressions '*' expressions .
   34            | expressions . '/' expressions
   35            | expressions . MOD expressions
   36            | expressions . '+' expressions
   37            | expressions . '-' expressions
   46 bool_expression: expressions . '<' expressions
   47                | expressions . LESS_EQUAL expressions
   48                | expressions . '=' expressions
   49                | expressions . MORE_EQUAL expressions
   50                | expressions . '>' expressions
   51                | expressions . NOT_EQUAL expressions
   52                | expressions . NOT expressions
   53                | expressions . AND expressions expressions OR expressions

    MOD         shift, and go to state 48
    LESS_EQUAL  shift, and go to state 49
    MORE_EQUAL  shift, and go to state 50
    NOT_EQUAL   shift, and go to state 51
    AND         shift, and go to state 52
    NOT         shift, and go to state 53
    '-'         shift, and go to state 54
    '*'         shift, and go to state 55
    '/'         shift, and go to state 56
    '+'         shift, and go to state 57
    '<'         shift, and go to state 58
    '='         shift, and go to state 59
    '>'         shift, and go to state 60

    MOD         [reduce using rule 33 (expressions)]
    LESS_EQUAL  [reduce using rule 33 (expressions)]
    MORE_EQUAL  [reduce using rule 33 (expressions)]
    NOT_EQUAL   [reduce using rule 33 (expressions)]
    AND         [reduce using rule 33 (expressions)]
    NOT         [reduce using rule 33 (expressions)]
    '-'         [reduce using rule 33 (expressions)]
    '*'         [reduce using rule 33 (expressions)]
    '/'         [reduce using rule 33 (expressions)]
    '+'         [reduce using rule 33 (expressions)]
    '<'         [reduce using rule 33 (expressions)]
    '='         [reduce using rule 33 (expressions)]
    '>'         [reduce using rule 33 (expressions)]
    $default    reduce using rule 33 (expressions)


State 86

   33 expressions: expressions . '*' expressions
   34            | expressions . '/' expressions
   34            | expressions '/' expressions .
   35            | expressions . MOD expressions
   36            | expressions . '+' expressions
   37            | expressions . '-' expressions
   46 bool_expression: expressions . '<' expressions
   47                | expressions . LESS_EQUAL expressions
   48                | expressions . '=' expressions
   49                | expressions . MORE_EQUAL expressions
   50                | expressions . '>' expressions
   51                | expressions . NOT_EQUAL expressions
   52                | expressions . NOT expressions
   53                | expressions . AND expressions expressions OR expressions

    MOD         shift, and go to state 48
    LESS_EQUAL  shift, and go to state 49
    MORE_EQUAL  shift, and go to state 50
    NOT_EQUAL   shift, and go to state 51
    AND         shift, and go to state 52
    NOT         shift, and go to state 53
    '-'         shift, and go to state 54
    '*'         shift, and go to state 55
    '/'         shift, and go to state 56
    '+'         shift, and go to state 57
    '<'         shift, and go to state 58
    '='         shift, and go to state 59
    '>'         shift, and go to state 60

    MOD         [reduce using rule 34 (expressions)]
    LESS_EQUAL  [reduce using rule 34 (expressions)]
    MORE_EQUAL  [reduce using rule 34 (expressions)]
    NOT_EQUAL   [reduce using rule 34 (expressions)]
    AND         [reduce using rule 34 (expressions)]
    NOT         [reduce using rule 34 (expressions)]
    '-'         [reduce using rule 34 (expressions)]
    '*'         [reduce using rule 34 (expressions)]
    '/'         [reduce using rule 34 (expressions)]
    '+'         [reduce using rule 34 (expressions)]
    '<'         [reduce using rule 34 (expressions)]
    '='         [reduce using rule 34 (expressions)]
    '>'         [reduce using rule 34 (expressions)]
    $default    reduce using rule 34 (expressions)


State 87

   33 expressions: expressions . '*' expressions
   34            | expressions . '/' expressions
   35            | expressions . MOD expressions
   36            | expressions . '+' expressions
   36            | expressions '+' expressions .
   37            | expressions . '-' expressions
   46 bool_expression: expressions . '<' expressions
   47                | expressions . LESS_EQUAL expressions
   48                | expressions . '=' expressions
   49                | expressions . MORE_EQUAL expressions
   50                | expressions . '>' expressions
   51                | expressions . NOT_EQUAL expressions
   52                | expressions . NOT expressions
   53                | expressions . AND expressions expressions OR expressions

    MOD         shift, and go to state 48
    LESS_EQUAL  shift, and go to state 49
    MORE_EQUAL  shift, and go to state 50
    NOT_EQUAL   shift, and go to state 51
    AND         shift, and go to state 52
    NOT         shift, and go to state 53
    '-'         shift, and go to state 54
    '*'         shift, and go to state 55
    '/'         shift, and go to state 56
    '+'         shift, and go to state 57
    '<'         shift, and go to state 58
    '='         shift, and go to state 59
    '>'         shift, and go to state 60

    MOD         [reduce using rule 36 (expressions)]
    LESS_EQUAL  [reduce using rule 36 (expressions)]
    MORE_EQUAL  [reduce using rule 36 (expressions)]
    NOT_EQUAL   [reduce using rule 36 (expressions)]
    AND         [reduce using rule 36 (expressions)]
    NOT         [reduce using rule 36 (expressions)]
    '-'         [reduce using rule 36 (expressions)]
    '*'         [reduce using rule 36 (expressions)]
    '/'         [reduce using rule 36 (expressions)]
    '+'         [reduce using rule 36 (expressions)]
    '<'         [reduce using rule 36 (expressions)]
    '='         [reduce using rule 36 (expressions)]
    '>'         [reduce using rule 36 (expressions)]
    $default    reduce using rule 36 (expressions)


State 88

   33 expressions: expressions . '*' expressions
   34            | expressions . '/' expressions
   35            | expressions . MOD expressions
   36            | expressions . '+' expressions
   37            | expressions . '-' expressions
   46 bool_expression: expressions . '<' expressions
   46                | expressions '<' expressions .
   47                | expressions . LESS_EQUAL expressions
   48                | expressions . '=' expressions
   49                | expressions . MORE_EQUAL expressions
   50                | expressions . '>' expressions
   51                | expressions . NOT_EQUAL expressions
   52                | expressions . NOT expressions
   53                | expressions . AND expressions expressions OR expressions

    MOD         shift, and go to state 48
    LESS_EQUAL  shift, and go to state 49
    MORE_EQUAL  shift, and go to state 50
    NOT_EQUAL   shift, and go to state 51
    AND         shift, and go to state 52
    NOT         shift, and go to state 53
    '-'         shift, and go to state 54
    '*'         shift, and go to state 55
    '/'         shift, and go to state 56
    '+'         shift, and go to state 57
    '<'         shift, and go to state 58
    '='         shift, and go to state 59
    '>'         shift, and go to state 60

    MOD         [reduce using rule 46 (bool_expression)]
    LESS_EQUAL  [reduce using rule 46 (bool_expression)]
    MORE_EQUAL  [reduce using rule 46 (bool_expression)]
    NOT_EQUAL   [reduce using rule 46 (bool_expression)]
    AND         [reduce using rule 46 (bool_expression)]
    NOT         [reduce using rule 46 (bool_expression)]
    '-'         [reduce using rule 46 (bool_expression)]
    '*'         [reduce using rule 46 (bool_expression)]
    '/'         [reduce using rule 46 (bool_expression)]
    '+'         [reduce using rule 46 (bool_expression)]
    '<'         [reduce using rule 46 (bool_expression)]
    '='         [reduce using rule 46 (bool_expression)]
    '>'         [reduce using rule 46 (bool_expression)]
    $default    reduce using rule 46 (bool_expression)


State 89

   33 expressions: expressions . '*' expressions
   34            | expressions . '/' expressions
   35            | expressions . MOD expressions
   36            | expressions . '+' expressions
   37            | expressions . '-' expressions
   46 bool_expression: expressions . '<' expressions
   47                | expressions . LESS_EQUAL expressions
   48                | expressions . '=' expressions
   48                | expressions '=' expressions .
   49                | expressions . MORE_EQUAL expressions
   50                | expressions . '>' expressions
   51                | expressions . NOT_EQUAL expressions
   52                | expressions . NOT expressions
   53                | expressions . AND expressions expressions OR expressions

    MOD         shift, and go to state 48
    LESS_EQUAL  shift, and go to state 49
    MORE_EQUAL  shift, and go to state 50
    NOT_EQUAL   shift, and go to state 51
    AND         shift, and go to state 52
    NOT         shift, and go to state 53
    '-'         shift, and go to state 54
    '*'         shift, and go to state 55
    '/'         shift, and go to state 56
    '+'         shift, and go to state 57
    '<'         shift, and go to state 58
    '='         shift, and go to state 59
    '>'         shift, and go to state 60

    MOD         [reduce using rule 48 (bool_expression)]
    LESS_EQUAL  [reduce using rule 48 (bool_expression)]
    MORE_EQUAL  [reduce using rule 48 (bool_expression)]
    NOT_EQUAL   [reduce using rule 48 (bool_expression)]
    AND         [reduce using rule 48 (bool_expression)]
    NOT         [reduce using rule 48 (bool_expression)]
    '-'         [reduce using rule 48 (bool_expression)]
    '*'         [reduce using rule 48 (bool_expression)]
    '/'         [reduce using rule 48 (bool_expression)]
    '+'         [reduce using rule 48 (bool_expression)]
    '<'         [reduce using rule 48 (bool_expression)]
    '='         [reduce using rule 48 (bool_expression)]
    '>'         [reduce using rule 48 (bool_expression)]
    $default    reduce using rule 48 (bool_expression)


State 90

   33 expressions: expressions . '*' expressions
   34            | expressions . '/' expressions
   35            | expressions . MOD expressions
   36            | expressions . '+' expressions
   37            | expressions . '-' expressions
   46 bool_expression: expressions . '<' expressions
   47                | expressions . LESS_EQUAL expressions
   48                | expressions . '=' expressions
   49                | expressions . MORE_EQUAL expressions
   50                | expressions . '>' expressions
   50                | expressions '>' expressions .
   51                | expressions . NOT_EQUAL expressions
   52                | expressions . NOT expressions
   53                | expressions . AND expressions expressions OR expressions

    MOD         shift, and go to state 48
    LESS_EQUAL  shift, and go to state 49
    MORE_EQUAL  shift, and go to state 50
    NOT_EQUAL   shift, and go to state 51
    AND         shift, and go to state 52
    NOT         shift, and go to state 53
    '-'         shift, and go to state 54
    '*'         shift, and go to state 55
    '/'         shift, and go to state 56
    '+'         shift, and go to state 57
    '<'         shift, and go to state 58
    '='         shift, and go to state 59
    '>'         shift, and go to state 60

    MOD         [reduce using rule 50 (bool_expression)]
    LESS_EQUAL  [reduce using rule 50 (bool_expression)]
    MORE_EQUAL  [reduce using rule 50 (bool_expression)]
    NOT_EQUAL   [reduce using rule 50 (bool_expression)]
    AND         [reduce using rule 50 (bool_expression)]
    NOT         [reduce using rule 50 (bool_expression)]
    '-'         [reduce using rule 50 (bool_expression)]
    '*'         [reduce using rule 50 (bool_expression)]
    '/'         [reduce using rule 50 (bool_expression)]
    '+'         [reduce using rule 50 (bool_expression)]
    '<'         [reduce using rule 50 (bool_expression)]
    '='         [reduce using rule 50 (bool_expression)]
    '>'         [reduce using rule 50 (bool_expression)]
    $default    reduce using rule 50 (bool_expression)


State 91

    9 constant: CONST ID ':' type ASSIGN . const_exp

    FALSE        shift, and go to state 15
    TRUE         shift, and go to state 21
    STR          shift, and go to state 22
    INT_NUMBER   shift, and go to state 23
    REAL_NUMBER  shift, and go to state 24

    const_exp  go to state 99


State 92

   14 array: VAR ID ':' ARRAY ':' . const_exp '.' '.' const_exp OF type

    FALSE        shift, and go to state 15
    TRUE         shift, and go to state 21
    STR          shift, and go to state 22
    INT_NUMBER   shift, and go to state 23
    REAL_NUMBER  shift, and go to state 24

    const_exp  go to state 100


State 93

   13 variable: VAR ID ':' type ASSIGN . const_exp

    FALSE        shift, and go to state 15
    TRUE         shift, and go to state 21
    STR          shift, and go to state 22
    INT_NUMBER   shift, and go to state 23
    REAL_NUMBER  shift, and go to state 24

    const_exp  go to state 101


State 94

   60 functionInputB: ',' . expressions

    ID           shift, and go to state 42
    FALSE        shift, and go to state 15
    TRUE         shift, and go to state 21
    STR          shift, and go to state 22
    INT_NUMBER   shift, and go to state 23
    REAL_NUMBER  shift, and go to state 24
    '('          shift, and go to state 25
    '-'          shift, and go to state 26

    expressions      go to state 102
    const_exp        go to state 30
    bool_expression  go to state 31


State 95

   55 function_invocation: ID '(' functionInputA functionInputB . ')'
   57 procedure_invacation: ID '(' functionInputA functionInputB . ')'
   59 functionInputB: functionInputB . functionInputB

    ')'  shift, and go to state 103
    ','  shift, and go to state 94

    functionInputB  go to state 104


State 96

   40 expressions: ID '[' INT ']' .

    $default  reduce using rule 40 (expressions)


State 97

   31 expressions: '-' . expressions
   37            | expressions '-' . expressions

    ID           shift, and go to state 42
    FALSE        shift, and go to state 15
    TRUE         shift, and go to state 21
    STR          shift, and go to state 22
    INT_NUMBER   shift, and go to state 23
    REAL_NUMBER  shift, and go to state 24
    '('          shift, and go to state 25
    '-'          shift, and go to state 26

    expressions      go to state 105
    const_exp        go to state 30
    bool_expression  go to state 31


State 98

   33 expressions: expressions . '*' expressions
   34            | expressions . '/' expressions
   35            | expressions . MOD expressions
   36            | expressions . '+' expressions
   37            | expressions . '-' expressions
   46 bool_expression: expressions . '<' expressions
   47                | expressions . LESS_EQUAL expressions
   48                | expressions . '=' expressions
   49                | expressions . MORE_EQUAL expressions
   50                | expressions . '>' expressions
   51                | expressions . NOT_EQUAL expressions
   52                | expressions . NOT expressions
   53                | expressions . AND expressions expressions OR expressions
   53                | expressions AND expressions expressions . OR expressions

    MOD         shift, and go to state 48
    LESS_EQUAL  shift, and go to state 49
    MORE_EQUAL  shift, and go to state 50
    NOT_EQUAL   shift, and go to state 51
    AND         shift, and go to state 52
    OR          shift, and go to state 106
    NOT         shift, and go to state 53
    '-'         shift, and go to state 54
    '*'         shift, and go to state 55
    '/'         shift, and go to state 56
    '+'         shift, and go to state 57
    '<'         shift, and go to state 58
    '='         shift, and go to state 59
    '>'         shift, and go to state 60


State 99

    9 constant: CONST ID ':' type ASSIGN const_exp .

    $default  reduce using rule 9 (constant)


State 100

   14 array: VAR ID ':' ARRAY ':' const_exp . '.' '.' const_exp OF type

    '.'  shift, and go to state 107


State 101

   13 variable: VAR ID ':' type ASSIGN const_exp .

    $default  reduce using rule 13 (variable)


State 102

   33 expressions: expressions . '*' expressions
   34            | expressions . '/' expressions
   35            | expressions . MOD expressions
   36            | expressions . '+' expressions
   37            | expressions . '-' expressions
   46 bool_expression: expressions . '<' expressions
   47                | expressions . LESS_EQUAL expressions
   48                | expressions . '=' expressions
   49                | expressions . MORE_EQUAL expressions
   50                | expressions . '>' expressions
   51                | expressions . NOT_EQUAL expressions
   52                | expressions . NOT expressions
   53                | expressions . AND expressions expressions OR expressions
   60 functionInputB: ',' expressions .

    MOD         shift, and go to state 48
    LESS_EQUAL  shift, and go to state 49
    MORE_EQUAL  shift, and go to state 50
    NOT_EQUAL   shift, and go to state 51
    AND         shift, and go to state 52
    NOT         shift, and go to state 53
    '-'         shift, and go to state 54
    '*'         shift, and go to state 55
    '/'         shift, and go to state 56
    '+'         shift, and go to state 57
    '<'         shift, and go to state 58
    '='         shift, and go to state 59
    '>'         shift, and go to state 60

    $default  reduce using rule 60 (functionInputB)


State 103

   55 function_invocation: ID '(' functionInputA functionInputB ')' .
   57 procedure_invacation: ID '(' functionInputA functionInputB ')' .

    $end         reduce using rule 55 (function_invocation)
    $end         [reduce using rule 57 (procedure_invacation)]
    ID           reduce using rule 55 (function_invocation)
    ID           [reduce using rule 57 (procedure_invacation)]
    EXIT         reduce using rule 55 (function_invocation)
    EXIT         [reduce using rule 57 (procedure_invacation)]
    FALSE        reduce using rule 55 (function_invocation)
    FALSE        [reduce using rule 57 (procedure_invacation)]
    GET          reduce using rule 55 (function_invocation)
    GET          [reduce using rule 57 (procedure_invacation)]
    PUT          reduce using rule 55 (function_invocation)
    PUT          [reduce using rule 57 (procedure_invacation)]
    RESULT       reduce using rule 55 (function_invocation)
    RESULT       [reduce using rule 57 (procedure_invacation)]
    RETURN       reduce using rule 55 (function_invocation)
    RETURN       [reduce using rule 57 (procedure_invacation)]
    SKIP         reduce using rule 55 (function_invocation)
    SKIP         [reduce using rule 57 (procedure_invacation)]
    TRUE         reduce using rule 55 (function_invocation)
    TRUE         [reduce using rule 57 (procedure_invacation)]
    STR          reduce using rule 55 (function_invocation)
    STR          [reduce using rule 57 (procedure_invacation)]
    INT_NUMBER   reduce using rule 55 (function_invocation)
    INT_NUMBER   [reduce using rule 57 (procedure_invacation)]
    REAL_NUMBER  reduce using rule 55 (function_invocation)
    REAL_NUMBER  [reduce using rule 57 (procedure_invacation)]
    '('          reduce using rule 55 (function_invocation)
    '('          [reduce using rule 57 (procedure_invacation)]
    '-'          reduce using rule 55 (function_invocation)
    '-'          [reduce using rule 57 (procedure_invacation)]
    $default     reduce using rule 55 (function_invocation)


State 104

   59 functionInputB: functionInputB . functionInputB
   59               | functionInputB functionInputB .

    ','  shift, and go to state 94

    ','       [reduce using rule 59 (functionInputB)]
    $default  reduce using rule 59 (functionInputB)

    functionInputB  go to state 104


State 105

   31 expressions: '-' expressions .
   33            | expressions . '*' expressions
   34            | expressions . '/' expressions
   35            | expressions . MOD expressions
   36            | expressions . '+' expressions
   37            | expressions . '-' expressions
   37            | expressions '-' expressions .
   46 bool_expression: expressions . '<' expressions
   47                | expressions . LESS_EQUAL expressions
   48                | expressions . '=' expressions
   49                | expressions . MORE_EQUAL expressions
   50                | expressions . '>' expressions
   51                | expressions . NOT_EQUAL expressions
   52                | expressions . NOT expressions
   53                | expressions . AND expressions expressions OR expressions

    MOD         shift, and go to state 48
    LESS_EQUAL  shift, and go to state 49
    MORE_EQUAL  shift, and go to state 50
    NOT_EQUAL   shift, and go to state 51
    AND         shift, and go to state 52
    NOT         shift, and go to state 53
    '-'         shift, and go to state 54
    '*'         shift, and go to state 55
    '/'         shift, and go to state 56
    '+'         shift, and go to state 57
    '<'         shift, and go to state 58
    '='         shift, and go to state 59
    '>'         shift, and go to state 60

    MOD         [reduce using rule 31 (expressions)]
    MOD         [reduce using rule 37 (expressions)]
    LESS_EQUAL  [reduce using rule 31 (expressions)]
    LESS_EQUAL  [reduce using rule 37 (expressions)]
    MORE_EQUAL  [reduce using rule 31 (expressions)]
    MORE_EQUAL  [reduce using rule 37 (expressions)]
    NOT_EQUAL   [reduce using rule 31 (expressions)]
    NOT_EQUAL   [reduce using rule 37 (expressions)]
    AND         [reduce using rule 31 (expressions)]
    AND         [reduce using rule 37 (expressions)]
    OR          reduce using rule 31 (expressions)
    NOT         [reduce using rule 31 (expressions)]
    NOT         [reduce using rule 37 (expressions)]
    '-'         [reduce using rule 31 (expressions)]
    '-'         [reduce using rule 37 (expressions)]
    '*'         [reduce using rule 31 (expressions)]
    '*'         [reduce using rule 37 (expressions)]
    '/'         [reduce using rule 31 (expressions)]
    '/'         [reduce using rule 37 (expressions)]
    '+'         [reduce using rule 31 (expressions)]
    '+'         [reduce using rule 37 (expressions)]
    '<'         [reduce using rule 31 (expressions)]
    '<'         [reduce using rule 37 (expressions)]
    '='         [reduce using rule 31 (expressions)]
    '='         [reduce using rule 37 (expressions)]
    '>'         [reduce using rule 31 (expressions)]
    '>'         [reduce using rule 37 (expressions)]
    $default    reduce using rule 37 (expressions)


State 106

   53 bool_expression: expressions AND expressions expressions OR . expressions

    ID           shift, and go to state 42
    FALSE        shift, and go to state 15
    TRUE         shift, and go to state 21
    STR          shift, and go to state 22
    INT_NUMBER   shift, and go to state 23
    REAL_NUMBER  shift, and go to state 24
    '('          shift, and go to state 25
    '-'          shift, and go to state 26

    expressions      go to state 108
    const_exp        go to state 30
    bool_expression  go to state 31


State 107

   14 array: VAR ID ':' ARRAY ':' const_exp '.' . '.' const_exp OF type

    '.'  shift, and go to state 109


State 108

   33 expressions: expressions . '*' expressions
   34            | expressions . '/' expressions
   35            | expressions . MOD expressions
   36            | expressions . '+' expressions
   37            | expressions . '-' expressions
   46 bool_expression: expressions . '<' expressions
   47                | expressions . LESS_EQUAL expressions
   48                | expressions . '=' expressions
   49                | expressions . MORE_EQUAL expressions
   50                | expressions . '>' expressions
   51                | expressions . NOT_EQUAL expressions
   52                | expressions . NOT expressions
   53                | expressions . AND expressions expressions OR expressions
   53                | expressions AND expressions expressions OR expressions .

    MOD         shift, and go to state 48
    LESS_EQUAL  shift, and go to state 49
    MORE_EQUAL  shift, and go to state 50
    NOT_EQUAL   shift, and go to state 51
    AND         shift, and go to state 52
    NOT         shift, and go to state 53
    '-'         shift, and go to state 54
    '*'         shift, and go to state 55
    '/'         shift, and go to state 56
    '+'         shift, and go to state 57
    '<'         shift, and go to state 58
    '='         shift, and go to state 59
    '>'         shift, and go to state 60

    MOD         [reduce using rule 53 (bool_expression)]
    LESS_EQUAL  [reduce using rule 53 (bool_expression)]
    MORE_EQUAL  [reduce using rule 53 (bool_expression)]
    NOT_EQUAL   [reduce using rule 53 (bool_expression)]
    AND         [reduce using rule 53 (bool_expression)]
    NOT         [reduce using rule 53 (bool_expression)]
    '-'         [reduce using rule 53 (bool_expression)]
    '*'         [reduce using rule 53 (bool_expression)]
    '/'         [reduce using rule 53 (bool_expression)]
    '+'         [reduce using rule 53 (bool_expression)]
    '<'         [reduce using rule 53 (bool_expression)]
    '='         [reduce using rule 53 (bool_expression)]
    '>'         [reduce using rule 53 (bool_expression)]
    $default    reduce using rule 53 (bool_expression)


State 109

   14 array: VAR ID ':' ARRAY ':' const_exp '.' '.' . const_exp OF type

    FALSE        shift, and go to state 15
    TRUE         shift, and go to state 21
    STR          shift, and go to state 22
    INT_NUMBER   shift, and go to state 23
    REAL_NUMBER  shift, and go to state 24

    const_exp  go to state 110


State 110

   14 array: VAR ID ':' ARRAY ':' const_exp '.' '.' const_exp . OF type

    OF  shift, and go to state 111


State 111

   14 array: VAR ID ':' ARRAY ':' const_exp '.' '.' const_exp OF . type

    BOOL    shift, and go to state 62
    INT     shift, and go to state 63
    REAL    shift, and go to state 64
    STRING  shift, and go to state 65

    type  go to state 112


State 112

   14 array: VAR ID ':' ARRAY ':' const_exp '.' '.' const_exp OF type .

    $default  reduce using rule 14 (array)
